#
# There is insufficient memory for the Java Runtime Environment to continue.
# Native memory allocation (mmap) failed to map 65536 bytes. Error detail: Failed to commit metaspace.
# Possible reasons:
#   The system is out of physical RAM or swap space
#   This process is running with CompressedOops enabled, and the Java Heap may be blocking the growth of the native heap
# Possible solutions:
#   Reduce memory load on the system
#   Increase physical memory or swap space
#   Check if swap backing store is full
#   Decrease Java heap size (-Xmx/-Xms)
#   Decrease number of Java threads
#   Decrease Java thread stack sizes (-Xss)
#   Set larger code cache with -XX:ReservedCodeCacheSize=
#   JVM is running with Zero Based Compressed Oops mode in which the Java heap is
#     placed in the first 32GB address space. The Java Heap base address is the
#     maximum limit for the native heap growth. Please use -XX:HeapBaseMinAddress
#     to set the Java Heap base and to place the Java Heap above 32GB virtual address.
# This output file may be truncated or incomplete.
#
#  Out of Memory Error (virtualSpaceNode.cpp:110), pid=18436, tid=12440
#
# JRE version: OpenJDK Runtime Environment (17.0.11) (build 17.0.11+0--11852314)
# Java VM: OpenJDK 64-Bit Server VM (17.0.11+0--11852314, mixed mode, tiered, compressed oops, compressed class ptrs, g1 gc, windows-amd64)
# No core dump will be written. Minidumps are not enabled by default on client versions of Windows
#

---------------  S U M M A R Y ------------

Command Line: -Djava.awt.headless=true -Djava.util.logging.config.file=C:\Users\User-PC\.android\utp\logging24543090579190288properties -Dfile.encoding=UTF-8 com.google.testing.platform.launcher.Launcher C:\Users\User-PC\.gradle\caches\modules-2\files-2.1\com.google.testing.platform\core\0.0.9-alpha02\8d72767495b76dfdfe1a4f02bab67cb035da816d\core-0.0.9-alpha02.jar --proto_config=C:\Users\User-PC\.android\utp\runnerConfig4466818468205597574.pb --proto_server_config=C:\Users\User-PC\.android\utp\serverConfig16768213156687759647.pb

Host: Intel(R) Core(TM) i7-8565U CPU @ 1.80GHz, 8 cores, 15G,  Windows 11 , 64 bit Build 22621 (10.0.22621.1245)
Time: Wed Dec  4 22:46:47 2024 Eastern Standard Time elapsed time: 1.251725 seconds (0d 0h 0m 1s)

---------------  T H R E A D  ---------------

Current thread (0x0000020139872e40):  JavaThread "main" [_thread_in_vm, id=12440, stack(0x000000e482500000,0x000000e482600000)]

Stack: [0x000000e482500000,0x000000e482600000]
Native frames: (J=compiled Java code, j=interpreted, Vv=VM code, C=native code)
V  [jvm.dll+0x687bb9]
V  [jvm.dll+0x84142a]
V  [jvm.dll+0x8430ae]
V  [jvm.dll+0x843713]
V  [jvm.dll+0x24a35f]
V  [jvm.dll+0x83c2bb]
V  [jvm.dll+0x62c046]
V  [jvm.dll+0x1c2bde]
V  [jvm.dll+0x62e9a1]
V  [jvm.dll+0x62c9e6]
V  [jvm.dll+0x371f42]
V  [jvm.dll+0x1e4b4b]
V  [jvm.dll+0x54c5e5]
V  [jvm.dll+0x1f3e0b]
V  [jvm.dll+0x7b99bb]
V  [jvm.dll+0x7bae29]
V  [jvm.dll+0x7bb178]
V  [jvm.dll+0x241d8e]
V  [jvm.dll+0x38624e]
C  0x000002014429b8ce

The last pc belongs to new (printed below).
Java frames: (J=compiled Java code, j=interpreted, Vv=VM code)
j  java.util.ResourceBundle.getBundleImpl(Ljava/lang/Module;Ljava/lang/Module;Ljava/lang/String;Ljava/util/Locale;Ljava/util/ResourceBundle$Control;)Ljava/util/ResourceBundle;+17 java.base@17.0.11
j  java.util.ResourceBundle$1.getBundle(Ljava/lang/String;Ljava/util/Locale;Ljava/lang/Module;)Ljava/util/ResourceBundle;+9 java.base@17.0.11
j  java.util.logging.Level.computeLocalizedLevelName(Ljava/util/Locale;)Ljava/lang/String;+17 java.logging@17.0.11
j  java.util.logging.Level.getLocalizedLevelName()Ljava/lang/String;+18 java.logging@17.0.11
j  java.util.logging.SimpleFormatter.format(Ljava/util/logging/LogRecord;)Ljava/lang/String;+143 java.logging@17.0.11
j  java.util.logging.StreamHandler.publish(Ljava/util/logging/LogRecord;)V+14 java.logging@17.0.11
j  java.util.logging.FileHandler.publish(Ljava/util/logging/LogRecord;)V+11 java.logging@17.0.11
j  java.util.logging.Logger.log(Ljava/util/logging/LogRecord;)V+90 java.logging@17.0.11
j  java.util.logging.Logger.doLog(Ljava/util/logging/LogRecord;)V+46 java.logging@17.0.11
j  java.util.logging.Logger.log(Ljava/util/logging/Level;Ljava/lang/String;)V+21 java.logging@17.0.11
j  java.util.logging.Logger.info(Ljava/lang/String;)V+5 java.logging@17.0.11
j  com.google.testing.platform.server.strategy.NonInteractiveServerStrategy.run(Lkotlin/coroutines/Continuation;)Ljava/lang/Object;+12
j  com.google.testing.platform.main.MainKt$main$4.invokeSuspend(Ljava/lang/Object;)Ljava/lang/Object;+50
j  kotlin.coroutines.jvm.internal.BaseContinuationImpl.resumeWith(Ljava/lang/Object;)V+44
j  kotlinx.coroutines.DispatchedTask.run()V+314
j  kotlinx.coroutines.EventLoopImplBase.processNextEvent()J+193
j  kotlinx.coroutines.BlockingCoroutine.joinBlocking()Ljava/lang/Object;+75
j  kotlinx.coroutines.BuildersKt__BuildersKt.runBlocking(Lkotlin/coroutines/CoroutineContext;Lkotlin/jvm/functions/Function2;)Ljava/lang/Object;+158
j  kotlinx.coroutines.BuildersKt.runBlocking(Lkotlin/coroutines/CoroutineContext;Lkotlin/jvm/functions/Function2;)Ljava/lang/Object;+2
j  kotlinx.coroutines.BuildersKt__BuildersKt.runBlocking$default(Lkotlin/coroutines/CoroutineContext;Lkotlin/jvm/functions/Function2;ILjava/lang/Object;)Ljava/lang/Object;+15
j  kotlinx.coroutines.BuildersKt.runBlocking$default(Lkotlin/coroutines/CoroutineContext;Lkotlin/jvm/functions/Function2;ILjava/lang/Object;)Ljava/lang/Object;+4
j  com.google.testing.platform.main.MainKt.main([Ljava/lang/String;Lkotlin/jvm/functions/Function1;)V+89
j  com.google.testing.platform.main.MainKt.main$default([Ljava/lang/String;Lkotlin/jvm/functions/Function1;ILjava/lang/Object;)V+15
j  com.google.testing.platform.main.MainKt.main([Ljava/lang/String;)V+10
v  ~StubRoutines::call_stub
j  jdk.internal.reflect.NativeMethodAccessorImpl.invoke0(Ljava/lang/reflect/Method;Ljava/lang/Object;[Ljava/lang/Object;)Ljava/lang/Object;+0 java.base@17.0.11
j  jdk.internal.reflect.NativeMethodAccessorImpl.invoke(Ljava/lang/Object;[Ljava/lang/Object;)Ljava/lang/Object;+133 java.base@17.0.11
j  jdk.internal.reflect.DelegatingMethodAccessorImpl.invoke(Ljava/lang/Object;[Ljava/lang/Object;)Ljava/lang/Object;+6 java.base@17.0.11
j  java.lang.reflect.Method.invoke(Ljava/lang/Object;[Ljava/lang/Object;)Ljava/lang/Object;+59 java.base@17.0.11
j  com.google.testing.platform.launcher.Launcher.main([Ljava/lang/String;)V+176
v  ~StubRoutines::call_stub
new  187 new  [0x000002014429b740, 0x000002014429b960]  544 bytes
[MachCode]
  0x000002014429b740: 4883 ec08 | c5fa 1104 | 24eb 1f48 | 83ec 10c5 | fb11 0424 | eb14 4883 | ec10 4889 | 0424 48c7 
  0x000002014429b760: 4424 0800 | 0000 00eb | 0150 410f | b755 010f | cac1 ea10 | 488b 4de8 | 488b 4908 | 488b 4908 
  0x000002014429b780: 488b 4108 | 807c 1004 | 070f 85df | 0000 0066 | 8b54 d148 | 488b 4928 | 488b 4cd1 | 0851 80b9 
  0x000002014429b7a0: 5b01 0000 | 040f 85c2 | 0000 008b | 5108 f7c2 | 0100 0000 | 0f85 b300 | 0000 498b | 8708 0100 
  0x000002014429b7c0: 0048 8d1c | 1049 3b9f | 1801 0000 | 0f87 9b00 | 0000 4989 | 9f08 0100 | 00e9 0000 | 0000 4883 
  0x000002014429b7e0: ea10 0f84 | 0f00 0000 | 33c9 c1ea | 0348 894c | d008 48ff | ca75 f648 | c700 0100 | 0000 5933 
  0x000002014429b800: f689 700c | 49ba 0000 | 0000 0800 | 0000 492b | ca89 4808 | 49ba 693a | 8a15 fe7f | 0000 4180 
  0x000002014429b820: 3a00 0f84 | 4000 0000 | 5048 8bc8 | 4883 ec20 | f7c4 0f00 | 0000 0f84 | 1a00 0000 | 4883 ec08 
  0x000002014429b840: 49ba 50e4 | 3f15 fe7f | 0000 41ff | d248 83c4 | 08e9 0d00 | 0000 49ba | 50e4 3f15 | fe7f 0000 
  0x000002014429b860: 41ff d248 | 83c4 2058 | e9cd 0000 | 0059 488b | 55e8 488b | 5208 488b | 5208 450f | b745 0141 
  0x000002014429b880: 0fc8 41c1 | e810 e805 | 0000 00e9 | aa00 0000 | 488d 4424 | 084c 896d | c049 8bcf | c5f8 7749 
  0x000002014429b8a0: 89af a802 | 0000 4989 | 8798 0200 | 0048 83ec | 20f7 c40f | 0000 000f | 841a 0000 | 0048 83ec 
  0x000002014429b8c0: 0849 ba00 | 6209 15fe | 7f00 0041 | ffd2 4883 | c408 e90d | 0000 0049 | ba00 6209 | 15fe 7f00 
  0x000002014429b8e0: 0041 ffd2 | 4883 c420 | 49c7 8798 | 0200 0000 | 0000 0049 | c787 a802 | 0000 0000 | 0000 49c7 
  0x000002014429b900: 87a0 0200 | 0000 0000 | 00c5 f877 | 4981 7f08 | 0000 0000 | 0f84 0500 | 0000 e9e1 | 55fe ff49 
  0x000002014429b920: 8b87 f002 | 0000 49c7 | 87f0 0200 | 0000 0000 | 004c 8b6d | c04c 8b75 | c8c3 410f | b65d 0349 
  0x000002014429b940: 83c5 0349 | ba40 a78c | 15fe 7f00 | 0041 ff24 | da0f 1f80 | 0000 0000 | 0000 0000 | 0000 0000 
[/MachCode]

---------------  P R O C E S S  ---------------

Threads class SMR info:
_java_thread_list=0x000002015c33b7b0, length=13, elements={
0x0000020139872e40, 0x000002015c05e270, 0x000002015c05ec30, 0x000002015c0913a0,
0x000002015c091d60, 0x000002015c092720, 0x000002015c0950f0, 0x000002015c095de0,
0x000002015c096890, 0x000002015c0985b0, 0x000002015c20f000, 0x000002015c229930,
0x000002015c3790c0
}

Java Threads: ( => current thread )
=>0x0000020139872e40 JavaThread "main" [_thread_in_vm, id=12440, stack(0x000000e482500000,0x000000e482600000)]
  0x000002015c05e270 JavaThread "Reference Handler" daemon [_thread_blocked, id=27308, stack(0x000000e482c00000,0x000000e482d00000)]
  0x000002015c05ec30 JavaThread "Finalizer" daemon [_thread_blocked, id=6920, stack(0x000000e482d00000,0x000000e482e00000)]
  0x000002015c0913a0 JavaThread "Signal Dispatcher" daemon [_thread_blocked, id=15736, stack(0x000000e482e00000,0x000000e482f00000)]
  0x000002015c091d60 JavaThread "Attach Listener" daemon [_thread_blocked, id=21872, stack(0x000000e482f00000,0x000000e483000000)]
  0x000002015c092720 JavaThread "Service Thread" daemon [_thread_blocked, id=18128, stack(0x000000e483000000,0x000000e483100000)]
  0x000002015c0950f0 JavaThread "Monitor Deflation Thread" daemon [_thread_blocked, id=23448, stack(0x000000e483100000,0x000000e483200000)]
  0x000002015c095de0 JavaThread "C2 CompilerThread0" daemon [_thread_blocked, id=22028, stack(0x000000e483200000,0x000000e483300000)]
  0x000002015c096890 JavaThread "C1 CompilerThread0" daemon [_thread_blocked, id=26012, stack(0x000000e483300000,0x000000e483400000)]
  0x000002015c0985b0 JavaThread "Sweeper thread" daemon [_thread_blocked, id=27124, stack(0x000000e483400000,0x000000e483500000)]
  0x000002015c20f000 JavaThread "Notification Thread" daemon [_thread_blocked, id=10836, stack(0x000000e483500000,0x000000e483600000)]
  0x000002015c229930 JavaThread "Common-Cleaner" daemon [_thread_blocked, id=4248, stack(0x000000e483700000,0x000000e483800000)]
  0x000002015c3790c0 JavaThread "C2 CompilerThread1" daemon [_thread_blocked, id=9296, stack(0x000000e483800000,0x000000e483900000)]

Other Threads:
  0x000002015c046110 VMThread "VM Thread" [stack: 0x000000e482b00000,0x000000e482c00000] [id=23336]
  0x000002015c20f4e0 WatcherThread [stack: 0x000000e483600000,0x000000e483700000] [id=19708]
  0x00000201398dc560 GCTaskThread "GC Thread#0" [stack: 0x000000e482600000,0x000000e482700000] [id=20280]
  0x000002015c3f5120 GCTaskThread "GC Thread#1" [stack: 0x000000e483900000,0x000000e483a00000] [id=23792]
  0x000002015c528050 GCTaskThread "GC Thread#2" [stack: 0x000000e483a00000,0x000000e483b00000] [id=6888]
  0x000002015ca92c00 GCTaskThread "GC Thread#3" [stack: 0x000000e483b00000,0x000000e483c00000] [id=24144]
  0x000002015c7260a0 GCTaskThread "GC Thread#4" [stack: 0x000000e483c00000,0x000000e483d00000] [id=13640]
  0x000002015c6aef70 GCTaskThread "GC Thread#5" [stack: 0x000000e483d00000,0x000000e483e00000] [id=432]
  0x000002015c7b5550 GCTaskThread "GC Thread#6" [stack: 0x000000e483e00000,0x000000e483f00000] [id=18564]
  0x00000201398eee80 ConcurrentGCThread "G1 Main Marker" [stack: 0x000000e482700000,0x000000e482800000] [id=10776]
  0x00000201398eff40 ConcurrentGCThread "G1 Conc#0" [stack: 0x000000e482800000,0x000000e482900000] [id=23540]
  0x0000020157a1a510 ConcurrentGCThread "G1 Refine#0" [stack: 0x000000e482900000,0x000000e482a00000] [id=17760]
  0x000002013992e6e0 ConcurrentGCThread "G1 Service" [stack: 0x000000e482a00000,0x000000e482b00000] [id=24844]

Threads with active compile tasks:

VM state: not at safepoint (normal execution)

VM Mutex/Monitor currently owned by a thread:  ([mutex/lock_event])
[0x00000201377aa140] Metaspace_lock - owner thread: 0x0000020139872e40

Heap address: 0x000000070ca00000, size: 3894 MB, Compressed Oops mode: Zero based, Oop shift amount: 3

CDS archive(s) not mapped
Compressed class space mapped at: 0x0000000800000000-0x0000000840000000, reserved size: 1073741824
Narrow klass base: 0x0000000800000000, Narrow klass shift: 0, Narrow klass range: 0x40000000

GC Precious Log:
 CPUs: 8 total, 8 available
 Memory: 15570M
 Large Page Support: Disabled
 NUMA Support: Disabled
 Compressed Oops: Enabled (Zero based)
 Heap Region Size: 2M
 Heap Min Capacity: 8M
 Heap Initial Capacity: 244M
 Heap Max Capacity: 3894M
 Pre-touch: Disabled
 Parallel Workers: 8
 Concurrent Workers: 2
 Concurrent Refinement Workers: 8
 Periodic GC: Disabled

Heap:
 garbage-first heap   total 249856K, used 6504K [0x000000070ca00000, 0x0000000800000000)
  region size 2048K, 4 young (8192K), 2 survivors (4096K)
 Metaspace       used 17427K, committed 17600K, reserved 1114112K
  class space    used 1795K, committed 1856K, reserved 1048576K

Heap Regions: E=young(eden), S=young(survivor), O=old, HS=humongous(starts), HC=humongous(continues), CS=collection set, F=free, OA=open archive, CA=closed archive, TAMS=top-at-mark-start (previous, next)
|   0|0x000000070ca00000, 0x000000070ca5a000, 0x000000070cc00000| 17%| O|  |TAMS 0x000000070ca00000, 0x000000070ca00000| Untracked 
|   1|0x000000070cc00000, 0x000000070cc00000, 0x000000070ce00000|  0%| F|  |TAMS 0x000000070cc00000, 0x000000070cc00000| Untracked 
|   2|0x000000070ce00000, 0x000000070ce00000, 0x000000070d000000|  0%| F|  |TAMS 0x000000070ce00000, 0x000000070ce00000| Untracked 
|   3|0x000000070d000000, 0x000000070d000000, 0x000000070d200000|  0%| F|  |TAMS 0x000000070d000000, 0x000000070d000000| Untracked 
|   4|0x000000070d200000, 0x000000070d200000, 0x000000070d400000|  0%| F|  |TAMS 0x000000070d200000, 0x000000070d200000| Untracked 
|   5|0x000000070d400000, 0x000000070d400000, 0x000000070d600000|  0%| F|  |TAMS 0x000000070d400000, 0x000000070d400000| Untracked 
|   6|0x000000070d600000, 0x000000070d600000, 0x000000070d800000|  0%| F|  |TAMS 0x000000070d600000, 0x000000070d600000| Untracked 
|   7|0x000000070d800000, 0x000000070d800000, 0x000000070da00000|  0%| F|  |TAMS 0x000000070d800000, 0x000000070d800000| Untracked 
|   8|0x000000070da00000, 0x000000070da00000, 0x000000070dc00000|  0%| F|  |TAMS 0x000000070da00000, 0x000000070da00000| Untracked 
|   9|0x000000070dc00000, 0x000000070dc00000, 0x000000070de00000|  0%| F|  |TAMS 0x000000070dc00000, 0x000000070dc00000| Untracked 
|  10|0x000000070de00000, 0x000000070de00000, 0x000000070e000000|  0%| F|  |TAMS 0x000000070de00000, 0x000000070de00000| Untracked 
|  11|0x000000070e000000, 0x000000070e000000, 0x000000070e200000|  0%| F|  |TAMS 0x000000070e000000, 0x000000070e000000| Untracked 
|  12|0x000000070e200000, 0x000000070e200000, 0x000000070e400000|  0%| F|  |TAMS 0x000000070e200000, 0x000000070e200000| Untracked 
|  13|0x000000070e400000, 0x000000070e400000, 0x000000070e600000|  0%| F|  |TAMS 0x000000070e400000, 0x000000070e400000| Untracked 
|  14|0x000000070e600000, 0x000000070e600000, 0x000000070e800000|  0%| F|  |TAMS 0x000000070e600000, 0x000000070e600000| Untracked 
|  15|0x000000070e800000, 0x000000070e800000, 0x000000070ea00000|  0%| F|  |TAMS 0x000000070e800000, 0x000000070e800000| Untracked 
|  16|0x000000070ea00000, 0x000000070ea00000, 0x000000070ec00000|  0%| F|  |TAMS 0x000000070ea00000, 0x000000070ea00000| Untracked 
|  17|0x000000070ec00000, 0x000000070ec00000, 0x000000070ee00000|  0%| F|  |TAMS 0x000000070ec00000, 0x000000070ec00000| Untracked 
|  18|0x000000070ee00000, 0x000000070ee00000, 0x000000070f000000|  0%| F|  |TAMS 0x000000070ee00000, 0x000000070ee00000| Untracked 
|  19|0x000000070f000000, 0x000000070f000000, 0x000000070f200000|  0%| F|  |TAMS 0x000000070f000000, 0x000000070f000000| Untracked 
|  20|0x000000070f200000, 0x000000070f200000, 0x000000070f400000|  0%| F|  |TAMS 0x000000070f200000, 0x000000070f200000| Untracked 
|  21|0x000000070f400000, 0x000000070f400000, 0x000000070f600000|  0%| F|  |TAMS 0x000000070f400000, 0x000000070f400000| Untracked 
|  22|0x000000070f600000, 0x000000070f600000, 0x000000070f800000|  0%| F|  |TAMS 0x000000070f600000, 0x000000070f600000| Untracked 
|  23|0x000000070f800000, 0x000000070f800000, 0x000000070fa00000|  0%| F|  |TAMS 0x000000070f800000, 0x000000070f800000| Untracked 
|  24|0x000000070fa00000, 0x000000070fa00000, 0x000000070fc00000|  0%| F|  |TAMS 0x000000070fa00000, 0x000000070fa00000| Untracked 
|  25|0x000000070fc00000, 0x000000070fc00000, 0x000000070fe00000|  0%| F|  |TAMS 0x000000070fc00000, 0x000000070fc00000| Untracked 
|  26|0x000000070fe00000, 0x000000070fe00000, 0x0000000710000000|  0%| F|  |TAMS 0x000000070fe00000, 0x000000070fe00000| Untracked 
|  27|0x0000000710000000, 0x0000000710000000, 0x0000000710200000|  0%| F|  |TAMS 0x0000000710000000, 0x0000000710000000| Untracked 
|  28|0x0000000710200000, 0x0000000710200000, 0x0000000710400000|  0%| F|  |TAMS 0x0000000710200000, 0x0000000710200000| Untracked 
|  29|0x0000000710400000, 0x0000000710400000, 0x0000000710600000|  0%| F|  |TAMS 0x0000000710400000, 0x0000000710400000| Untracked 
|  30|0x0000000710600000, 0x0000000710600000, 0x0000000710800000|  0%| F|  |TAMS 0x0000000710600000, 0x0000000710600000| Untracked 
|  31|0x0000000710800000, 0x0000000710800000, 0x0000000710a00000|  0%| F|  |TAMS 0x0000000710800000, 0x0000000710800000| Untracked 
|  32|0x0000000710a00000, 0x0000000710a00000, 0x0000000710c00000|  0%| F|  |TAMS 0x0000000710a00000, 0x0000000710a00000| Untracked 
|  33|0x0000000710c00000, 0x0000000710c00000, 0x0000000710e00000|  0%| F|  |TAMS 0x0000000710c00000, 0x0000000710c00000| Untracked 
|  34|0x0000000710e00000, 0x0000000710e00000, 0x0000000711000000|  0%| F|  |TAMS 0x0000000710e00000, 0x0000000710e00000| Untracked 
|  35|0x0000000711000000, 0x0000000711000000, 0x0000000711200000|  0%| F|  |TAMS 0x0000000711000000, 0x0000000711000000| Untracked 
|  36|0x0000000711200000, 0x0000000711200000, 0x0000000711400000|  0%| F|  |TAMS 0x0000000711200000, 0x0000000711200000| Untracked 
|  37|0x0000000711400000, 0x0000000711400000, 0x0000000711600000|  0%| F|  |TAMS 0x0000000711400000, 0x0000000711400000| Untracked 
|  38|0x0000000711600000, 0x0000000711600000, 0x0000000711800000|  0%| F|  |TAMS 0x0000000711600000, 0x0000000711600000| Untracked 
|  39|0x0000000711800000, 0x0000000711800000, 0x0000000711a00000|  0%| F|  |TAMS 0x0000000711800000, 0x0000000711800000| Untracked 
|  40|0x0000000711a00000, 0x0000000711a00000, 0x0000000711c00000|  0%| F|  |TAMS 0x0000000711a00000, 0x0000000711a00000| Untracked 
|  41|0x0000000711c00000, 0x0000000711c00000, 0x0000000711e00000|  0%| F|  |TAMS 0x0000000711c00000, 0x0000000711c00000| Untracked 
|  42|0x0000000711e00000, 0x0000000711e00000, 0x0000000712000000|  0%| F|  |TAMS 0x0000000711e00000, 0x0000000711e00000| Untracked 
|  43|0x0000000712000000, 0x0000000712000000, 0x0000000712200000|  0%| F|  |TAMS 0x0000000712000000, 0x0000000712000000| Untracked 
|  44|0x0000000712200000, 0x0000000712200000, 0x0000000712400000|  0%| F|  |TAMS 0x0000000712200000, 0x0000000712200000| Untracked 
|  45|0x0000000712400000, 0x0000000712400000, 0x0000000712600000|  0%| F|  |TAMS 0x0000000712400000, 0x0000000712400000| Untracked 
|  46|0x0000000712600000, 0x0000000712600000, 0x0000000712800000|  0%| F|  |TAMS 0x0000000712600000, 0x0000000712600000| Untracked 
|  47|0x0000000712800000, 0x0000000712800000, 0x0000000712a00000|  0%| F|  |TAMS 0x0000000712800000, 0x0000000712800000| Untracked 
|  48|0x0000000712a00000, 0x0000000712a00000, 0x0000000712c00000|  0%| F|  |TAMS 0x0000000712a00000, 0x0000000712a00000| Untracked 
|  49|0x0000000712c00000, 0x0000000712c00000, 0x0000000712e00000|  0%| F|  |TAMS 0x0000000712c00000, 0x0000000712c00000| Untracked 
|  50|0x0000000712e00000, 0x0000000712e00000, 0x0000000713000000|  0%| F|  |TAMS 0x0000000712e00000, 0x0000000712e00000| Untracked 
|  51|0x0000000713000000, 0x0000000713000000, 0x0000000713200000|  0%| F|  |TAMS 0x0000000713000000, 0x0000000713000000| Untracked 
|  52|0x0000000713200000, 0x0000000713200000, 0x0000000713400000|  0%| F|  |TAMS 0x0000000713200000, 0x0000000713200000| Untracked 
|  53|0x0000000713400000, 0x0000000713400000, 0x0000000713600000|  0%| F|  |TAMS 0x0000000713400000, 0x0000000713400000| Untracked 
|  54|0x0000000713600000, 0x0000000713600000, 0x0000000713800000|  0%| F|  |TAMS 0x0000000713600000, 0x0000000713600000| Untracked 
|  55|0x0000000713800000, 0x0000000713800000, 0x0000000713a00000|  0%| F|  |TAMS 0x0000000713800000, 0x0000000713800000| Untracked 
|  56|0x0000000713a00000, 0x0000000713a00000, 0x0000000713c00000|  0%| F|  |TAMS 0x0000000713a00000, 0x0000000713a00000| Untracked 
|  57|0x0000000713c00000, 0x0000000713c00000, 0x0000000713e00000|  0%| F|  |TAMS 0x0000000713c00000, 0x0000000713c00000| Untracked 
|  58|0x0000000713e00000, 0x0000000713e00000, 0x0000000714000000|  0%| F|  |TAMS 0x0000000713e00000, 0x0000000713e00000| Untracked 
|  59|0x0000000714000000, 0x0000000714000000, 0x0000000714200000|  0%| F|  |TAMS 0x0000000714000000, 0x0000000714000000| Untracked 
|  60|0x0000000714200000, 0x0000000714200000, 0x0000000714400000|  0%| F|  |TAMS 0x0000000714200000, 0x0000000714200000| Untracked 
|  61|0x0000000714400000, 0x0000000714400000, 0x0000000714600000|  0%| F|  |TAMS 0x0000000714400000, 0x0000000714400000| Untracked 
|  62|0x0000000714600000, 0x0000000714600000, 0x0000000714800000|  0%| F|  |TAMS 0x0000000714600000, 0x0000000714600000| Untracked 
|  63|0x0000000714800000, 0x0000000714800000, 0x0000000714a00000|  0%| F|  |TAMS 0x0000000714800000, 0x0000000714800000| Untracked 
|  64|0x0000000714a00000, 0x0000000714a00000, 0x0000000714c00000|  0%| F|  |TAMS 0x0000000714a00000, 0x0000000714a00000| Untracked 
|  65|0x0000000714c00000, 0x0000000714c00000, 0x0000000714e00000|  0%| F|  |TAMS 0x0000000714c00000, 0x0000000714c00000| Untracked 
|  66|0x0000000714e00000, 0x0000000714e00000, 0x0000000715000000|  0%| F|  |TAMS 0x0000000714e00000, 0x0000000714e00000| Untracked 
|  67|0x0000000715000000, 0x0000000715000000, 0x0000000715200000|  0%| F|  |TAMS 0x0000000715000000, 0x0000000715000000| Untracked 
|  68|0x0000000715200000, 0x0000000715200000, 0x0000000715400000|  0%| F|  |TAMS 0x0000000715200000, 0x0000000715200000| Untracked 
|  69|0x0000000715400000, 0x0000000715400000, 0x0000000715600000|  0%| F|  |TAMS 0x0000000715400000, 0x0000000715400000| Untracked 
|  70|0x0000000715600000, 0x0000000715600000, 0x0000000715800000|  0%| F|  |TAMS 0x0000000715600000, 0x0000000715600000| Untracked 
|  71|0x0000000715800000, 0x0000000715800000, 0x0000000715a00000|  0%| F|  |TAMS 0x0000000715800000, 0x0000000715800000| Untracked 
|  72|0x0000000715a00000, 0x0000000715a00000, 0x0000000715c00000|  0%| F|  |TAMS 0x0000000715a00000, 0x0000000715a00000| Untracked 
|  73|0x0000000715c00000, 0x0000000715c00000, 0x0000000715e00000|  0%| F|  |TAMS 0x0000000715c00000, 0x0000000715c00000| Untracked 
|  74|0x0000000715e00000, 0x0000000715e00000, 0x0000000716000000|  0%| F|  |TAMS 0x0000000715e00000, 0x0000000715e00000| Untracked 
|  75|0x0000000716000000, 0x0000000716000000, 0x0000000716200000|  0%| F|  |TAMS 0x0000000716000000, 0x0000000716000000| Untracked 
|  76|0x0000000716200000, 0x0000000716200000, 0x0000000716400000|  0%| F|  |TAMS 0x0000000716200000, 0x0000000716200000| Untracked 
|  77|0x0000000716400000, 0x0000000716400000, 0x0000000716600000|  0%| F|  |TAMS 0x0000000716400000, 0x0000000716400000| Untracked 
|  78|0x0000000716600000, 0x0000000716600000, 0x0000000716800000|  0%| F|  |TAMS 0x0000000716600000, 0x0000000716600000| Untracked 
|  79|0x0000000716800000, 0x0000000716800000, 0x0000000716a00000|  0%| F|  |TAMS 0x0000000716800000, 0x0000000716800000| Untracked 
|  80|0x0000000716a00000, 0x0000000716a00000, 0x0000000716c00000|  0%| F|  |TAMS 0x0000000716a00000, 0x0000000716a00000| Untracked 
|  81|0x0000000716c00000, 0x0000000716c00000, 0x0000000716e00000|  0%| F|  |TAMS 0x0000000716c00000, 0x0000000716c00000| Untracked 
|  82|0x0000000716e00000, 0x0000000716e00000, 0x0000000717000000|  0%| F|  |TAMS 0x0000000716e00000, 0x0000000716e00000| Untracked 
|  83|0x0000000717000000, 0x0000000717000000, 0x0000000717200000|  0%| F|  |TAMS 0x0000000717000000, 0x0000000717000000| Untracked 
|  84|0x0000000717200000, 0x0000000717200000, 0x0000000717400000|  0%| F|  |TAMS 0x0000000717200000, 0x0000000717200000| Untracked 
|  85|0x0000000717400000, 0x0000000717400000, 0x0000000717600000|  0%| F|  |TAMS 0x0000000717400000, 0x0000000717400000| Untracked 
|  86|0x0000000717600000, 0x0000000717600000, 0x0000000717800000|  0%| F|  |TAMS 0x0000000717600000, 0x0000000717600000| Untracked 
|  87|0x0000000717800000, 0x0000000717800000, 0x0000000717a00000|  0%| F|  |TAMS 0x0000000717800000, 0x0000000717800000| Untracked 
|  88|0x0000000717a00000, 0x0000000717a00000, 0x0000000717c00000|  0%| F|  |TAMS 0x0000000717a00000, 0x0000000717a00000| Untracked 
|  89|0x0000000717c00000, 0x0000000717c00000, 0x0000000717e00000|  0%| F|  |TAMS 0x0000000717c00000, 0x0000000717c00000| Untracked 
|  90|0x0000000717e00000, 0x0000000717e00000, 0x0000000718000000|  0%| F|  |TAMS 0x0000000717e00000, 0x0000000717e00000| Untracked 
|  91|0x0000000718000000, 0x0000000718000000, 0x0000000718200000|  0%| F|  |TAMS 0x0000000718000000, 0x0000000718000000| Untracked 
|  92|0x0000000718200000, 0x0000000718200000, 0x0000000718400000|  0%| F|  |TAMS 0x0000000718200000, 0x0000000718200000| Untracked 
|  93|0x0000000718400000, 0x0000000718400000, 0x0000000718600000|  0%| F|  |TAMS 0x0000000718400000, 0x0000000718400000| Untracked 
|  94|0x0000000718600000, 0x0000000718600000, 0x0000000718800000|  0%| F|  |TAMS 0x0000000718600000, 0x0000000718600000| Untracked 
|  95|0x0000000718800000, 0x0000000718800000, 0x0000000718a00000|  0%| F|  |TAMS 0x0000000718800000, 0x0000000718800000| Untracked 
|  96|0x0000000718a00000, 0x0000000718a00000, 0x0000000718c00000|  0%| F|  |TAMS 0x0000000718a00000, 0x0000000718a00000| Untracked 
|  97|0x0000000718c00000, 0x0000000718c00000, 0x0000000718e00000|  0%| F|  |TAMS 0x0000000718c00000, 0x0000000718c00000| Untracked 
|  98|0x0000000718e00000, 0x0000000718e00000, 0x0000000719000000|  0%| F|  |TAMS 0x0000000718e00000, 0x0000000718e00000| Untracked 
|  99|0x0000000719000000, 0x0000000719000000, 0x0000000719200000|  0%| F|  |TAMS 0x0000000719000000, 0x0000000719000000| Untracked 
| 100|0x0000000719200000, 0x0000000719200000, 0x0000000719400000|  0%| F|  |TAMS 0x0000000719200000, 0x0000000719200000| Untracked 
| 101|0x0000000719400000, 0x0000000719400000, 0x0000000719600000|  0%| F|  |TAMS 0x0000000719400000, 0x0000000719400000| Untracked 
| 102|0x0000000719600000, 0x0000000719600000, 0x0000000719800000|  0%| F|  |TAMS 0x0000000719600000, 0x0000000719600000| Untracked 
| 103|0x0000000719800000, 0x0000000719800000, 0x0000000719a00000|  0%| F|  |TAMS 0x0000000719800000, 0x0000000719800000| Untracked 
| 104|0x0000000719a00000, 0x0000000719a00000, 0x0000000719c00000|  0%| F|  |TAMS 0x0000000719a00000, 0x0000000719a00000| Untracked 
| 105|0x0000000719c00000, 0x0000000719c00000, 0x0000000719e00000|  0%| F|  |TAMS 0x0000000719c00000, 0x0000000719c00000| Untracked 
| 106|0x0000000719e00000, 0x0000000719e00000, 0x000000071a000000|  0%| F|  |TAMS 0x0000000719e00000, 0x0000000719e00000| Untracked 
| 107|0x000000071a000000, 0x000000071a000000, 0x000000071a200000|  0%| F|  |TAMS 0x000000071a000000, 0x000000071a000000| Untracked 
| 108|0x000000071a200000, 0x000000071a200000, 0x000000071a400000|  0%| F|  |TAMS 0x000000071a200000, 0x000000071a200000| Untracked 
| 109|0x000000071a400000, 0x000000071a600000, 0x000000071a600000|100%| S|CS|TAMS 0x000000071a400000, 0x000000071a400000| Complete 
| 110|0x000000071a600000, 0x000000071a800000, 0x000000071a800000|100%| S|CS|TAMS 0x000000071a600000, 0x000000071a600000| Complete 
| 111|0x000000071a800000, 0x000000071a800000, 0x000000071aa00000|  0%| F|  |TAMS 0x000000071a800000, 0x000000071a800000| Untracked 
| 112|0x000000071aa00000, 0x000000071aa00000, 0x000000071ac00000|  0%| F|  |TAMS 0x000000071aa00000, 0x000000071aa00000| Untracked 
| 113|0x000000071ac00000, 0x000000071ac00000, 0x000000071ae00000|  0%| F|  |TAMS 0x000000071ac00000, 0x000000071ac00000| Untracked 
| 114|0x000000071ae00000, 0x000000071ae00000, 0x000000071b000000|  0%| F|  |TAMS 0x000000071ae00000, 0x000000071ae00000| Untracked 
| 115|0x000000071b000000, 0x000000071b000000, 0x000000071b200000|  0%| F|  |TAMS 0x000000071b000000, 0x000000071b000000| Untracked 
| 116|0x000000071b200000, 0x000000071b200000, 0x000000071b400000|  0%| F|  |TAMS 0x000000071b200000, 0x000000071b200000| Untracked 
| 117|0x000000071b400000, 0x000000071b400000, 0x000000071b600000|  0%| F|  |TAMS 0x000000071b400000, 0x000000071b400000| Untracked 
| 118|0x000000071b600000, 0x000000071b600000, 0x000000071b800000|  0%| F|  |TAMS 0x000000071b600000, 0x000000071b600000| Untracked 
| 119|0x000000071b800000, 0x000000071b800000, 0x000000071ba00000|  0%| F|  |TAMS 0x000000071b800000, 0x000000071b800000| Untracked 
| 120|0x000000071ba00000, 0x000000071ba90248, 0x000000071bc00000| 28%| E|  |TAMS 0x000000071ba00000, 0x000000071ba00000| Complete 
| 121|0x000000071bc00000, 0x000000071be00000, 0x000000071be00000|100%| E|CS|TAMS 0x000000071bc00000, 0x000000071bc00000| Complete 

Card table byte_map: [0x000002014c820000,0x000002014cfc0000] _byte_map_base: 0x0000020148fbb000

Marking Bits (Prev, Next): (CMBitMap*) 0x00000201398dea90, (CMBitMap*) 0x00000201398dead0
 Prev Bits: [0x000002014d760000, 0x0000020151438000)
 Next Bits: [0x0000020151440000, 0x0000020155118000)

Polling page: 0x0000020139030000

Metaspace:

Usage:
  Non-class:     15.27 MB used.
      Class:      1.75 MB used.
       Both:     17.02 MB used.

Virtual space:
  Non-class space:       64.00 MB reserved,      15.38 MB ( 24%) committed,  1 nodes.
      Class space:        1.00 GB reserved,       1.81 MB ( <1%) committed,  1 nodes.
             Both:        1.06 GB reserved,      17.19 MB (  2%) committed. 

Chunk freelists:
   Non-Class:  331.00 KB
       Class:  14.10 MB
        Both:  14.42 MB

MaxMetaspaceSize: unlimited
CompressedClassSpaceSize: 1.00 GB
Initial GC threshold: 21.00 MB
Current GC threshold: 21.00 MB
CDS: off
MetaspaceReclaimPolicy: balanced
 - commit_granule_bytes: 65536.
 - commit_granule_words: 8192.
 - virtual_space_node_default_size: 8388608.
 - enlarge_chunks_in_place: 1.
 - new_chunks_are_fully_committed: 0.
 - uncommit_free_chunks: 1.
 - use_allocation_guard: 0.
 - handle_deallocations: 1.


Internal statistics:

num_allocs_failed_limit: 0.
num_arena_births: 46.
num_arena_deaths: 0.
num_vsnodes_births: 2.
num_vsnodes_deaths: 0.
num_space_committed: 275.
num_space_uncommitted: 0.
num_chunks_returned_to_freelist: 0.
num_chunks_taken_from_freelist: 299.
num_chunk_merges: 0.
num_chunk_splits: 222.
num_chunks_enlarged: 186.
num_inconsistent_stats: 0.

CodeHeap 'non-profiled nmethods': size=120000Kb used=282Kb max_used=282Kb free=119717Kb
 bounds [0x0000020144820000, 0x0000020144a90000, 0x000002014bd50000]
CodeHeap 'profiled nmethods': size=120000Kb used=1606Kb max_used=1606Kb free=118393Kb
 bounds [0x000002013cd50000, 0x000002013cfc0000, 0x0000020144280000]
CodeHeap 'non-nmethods': size=5760Kb used=1178Kb max_used=1198Kb free=4581Kb
 bounds [0x0000020144280000, 0x00000201444f0000, 0x0000020144820000]
 total_blobs=1383 nmethods=909 adapters=387
 compilation: enabled
              stopped_count=0, restarted_count=0
 full_count=0

Compilation events (20 events):
Event: 1.244 Thread 0x000002015c096890  894       3       java.util.ImmutableCollections$ListN::get (7 bytes)
Event: 1.244 Thread 0x000002015c096890 nmethod 894 0x000002013cede510 code [0x000002013cede6a0, 0x000002013cede7d8]
Event: 1.244 Thread 0x000002015c096890  899       1       java.lang.invoke.LambdaForm$Name::type (5 bytes)
Event: 1.244 Thread 0x000002015c096890 nmethod 899 0x0000020144865a90 code [0x0000020144865c20, 0x0000020144865cf8]
Event: 1.244 Thread 0x000002015c096890  900       3       java.lang.invoke.LambdaForm$Name::useCount (51 bytes)
Event: 1.244 Thread 0x000002015c095de0  901       4       java.lang.invoke.MethodType::parameterType (7 bytes)
Event: 1.244 Thread 0x000002015c096890 nmethod 900 0x000002013cede890 code [0x000002013cedea40, 0x000002013cedecb8]
Event: 1.245 Thread 0x000002015c096890  902       3       java.util.Arrays::copyOf (10 bytes)
Event: 1.245 Thread 0x000002015c096890 nmethod 902 0x000002013ceded90 code [0x000002013cedef40, 0x000002013cedf088]
Event: 1.245 Thread 0x000002015c095de0 nmethod 901 0x0000020144865d90 code [0x0000020144865f00, 0x0000020144865fb8]
Event: 1.245 Thread 0x000002015c096890  904       3       java.util.ImmutableCollections$ListN::size (6 bytes)
Event: 1.245 Thread 0x000002015c096890 nmethod 904 0x000002013cedf190 code [0x000002013cedf320, 0x000002013cedf438]
Event: 1.246 Thread 0x000002015c096890  906       3       jdk.internal.org.objectweb.asm.MethodWriter::visitVarInsn (302 bytes)
Event: 1.247 Thread 0x000002015c096890 nmethod 906 0x000002013cedf510 code [0x000002013cedf760, 0x000002013cee0108]
Event: 1.247 Thread 0x000002015c096890  908       3       jdk.internal.org.objectweb.asm.SymbolTable::addConstantMemberReference (147 bytes)
Event: 1.248 Thread 0x000002015c096890 nmethod 908 0x000002013cee0390 code [0x000002013cee0600, 0x000002013cee0ee8]
Event: 1.248 Thread 0x000002015c096890  907       3       jdk.internal.org.objectweb.asm.Frame::pop (42 bytes)
Event: 1.248 Thread 0x000002015c096890 nmethod 907 0x000002013cee1410 code [0x000002013cee15c0, 0x000002013cee1778]
Event: 1.248 Thread 0x000002015c096890  909       1       jdk.internal.org.objectweb.asm.MethodWriter::hasAsmInstructions (5 bytes)
Event: 1.248 Thread 0x000002015c096890 nmethod 909 0x0000020144866690 code [0x0000020144866820, 0x00000201448668f8]

GC Heap History (2 events):
Event: 1.098 GC heap before
{Heap before GC invocations=0 (full 0):
 garbage-first heap   total 249856K, used 20480K [0x000000070ca00000, 0x0000000800000000)
  region size 2048K, 11 young (22528K), 0 survivors (0K)
 Metaspace       used 16533K, committed 16768K, reserved 1114112K
  class space    used 1683K, committed 1792K, reserved 1048576K
}
Event: 1.104 GC heap after
{Heap after GC invocations=1 (full 0):
 garbage-first heap   total 249856K, used 4456K [0x000000070ca00000, 0x0000000800000000)
  region size 2048K, 2 young (4096K), 2 survivors (4096K)
 Metaspace       used 16533K, committed 16768K, reserved 1114112K
  class space    used 1683K, committed 1792K, reserved 1048576K
}

Dll operation events (2 events):
Event: 0.007 Loaded shared library C:\Program Files\Android\Android Studio\jbr\bin\java.dll
Event: 0.372 Loaded shared library C:\Program Files\Android\Android Studio\jbr\bin\verify.dll

Deoptimization events (12 events):
Event: 0.304 Thread 0x0000020139872e40 Uncommon trap: trap_request=0xffffff45 fr.pc=0x0000020144824014 relative=0x00000000000006d4
Event: 0.304 Thread 0x0000020139872e40 Uncommon trap: reason=unstable_if action=reinterpret pc=0x0000020144824014 method=java.util.zip.ZipFile$Source.checkAndAddEntry(II)I @ 128 c2
Event: 0.304 Thread 0x0000020139872e40 DEOPT PACKING pc=0x0000020144824014 sp=0x000000e4825fdda0
Event: 0.304 Thread 0x0000020139872e40 DEOPT UNPACKING pc=0x00000201442d69a3 sp=0x000000e4825fdd10 mode 2
Event: 0.421 Thread 0x0000020139872e40 DEOPT PACKING pc=0x000002013cd66267 sp=0x000000e4825fd740
Event: 0.421 Thread 0x0000020139872e40 DEOPT UNPACKING pc=0x00000201442d7143 sp=0x000000e4825fcb60 mode 0
Event: 0.450 Thread 0x0000020139872e40 DEOPT PACKING pc=0x000002013cd655d1 sp=0x000000e4825fcd40
Event: 0.450 Thread 0x0000020139872e40 DEOPT UNPACKING pc=0x00000201442d7143 sp=0x000000e4825fc1b8 mode 0
Event: 0.674 Thread 0x0000020139872e40 DEOPT PACKING pc=0x000002013cdfb30b sp=0x000000e4825fd210
Event: 0.674 Thread 0x0000020139872e40 DEOPT UNPACKING pc=0x00000201442d7143 sp=0x000000e4825fc670 mode 0
Event: 0.781 Thread 0x0000020139872e40 DEOPT PACKING pc=0x000002013cdbfdd6 sp=0x000000e4825f79a0
Event: 0.781 Thread 0x0000020139872e40 DEOPT UNPACKING pc=0x00000201442d7143 sp=0x000000e4825f6e28 mode 0

Classes unloaded (0 events):
No events

Classes redefined (0 events):
No events

Internal exceptions (10 events):
Event: 0.270 Thread 0x0000020139872e40 Exception <a 'java/lang/NoSuchMethodError'{0x000000071bb62a80}: 'java.lang.Object java.lang.invoke.DirectMethodHandle$Holder.invokeStatic(java.lang.Object, int, java.lang.Object)'> (0x000000071bb62a80) 
thrown [s\src\hotspot\share\interpreter\linkResolver.cpp, line 771]
Event: 0.717 Thread 0x0000020139872e40 Exception <a 'java/lang/NoClassDefFoundError'{0x000000071ae98cb8}: org/slf4j/LoggerFactory> (0x000000071ae98cb8) 
thrown [s\src\hotspot\share\classfile\systemDictionary.cpp, line 245]
Event: 0.718 Thread 0x0000020139872e40 Exception <a 'java/lang/NoClassDefFoundError'{0x000000071ae98cb8}> (0x000000071ae98cb8) 
thrown [s\src\hotspot\share\oops\instanceKlass.cpp, line 1233]
Event: 0.718 Thread 0x0000020139872e40 Exception <a 'java/lang/NoClassDefFoundError'{0x000000071aea30f8}: org/apache/logging/log4j/spi/ExtendedLoggerWrapper> (0x000000071aea30f8) 
thrown [s\src\hotspot\share\classfile\systemDictionary.cpp, line 245]
Event: 0.719 Thread 0x0000020139872e40 Exception <a 'java/lang/NoClassDefFoundError'{0x000000071aeac240}: org/apache/log4j/Priority> (0x000000071aeac240) 
thrown [s\src\hotspot\share\classfile\systemDictionary.cpp, line 245]
Event: 0.733 Thread 0x0000020139872e40 Exception <a 'java/lang/NoSuchMethodError'{0x000000071af09be8}: 'java.lang.Object java.lang.invoke.DirectMethodHandle$Holder.invokeStaticInit(java.lang.Object)'> (0x000000071af09be8) 
thrown [s\src\hotspot\share\interpreter\linkResolver.cpp, line 771]
Event: 0.753 Thread 0x0000020139872e40 Exception <a 'java/lang/NoSuchMethodError'{0x000000071af2c488}: 'int java.lang.invoke.DirectMethodHandle$Holder.invokeSpecial(java.lang.Object, java.lang.Object, java.lang.Object)'> (0x000000071af2c488) 
thrown [s\src\hotspot\share\interpreter\linkResolver.cpp, line 771]
Event: 0.963 Thread 0x0000020139872e40 Exception <a 'java/lang/NoSuchMethodError'{0x000000071a865d80}: 'java.lang.Object java.lang.invoke.DirectMethodHandle$Holder.invokeStaticInit(java.lang.Object, int, int, int, int)'> (0x000000071a865d80) 
thrown [s\src\hotspot\share\interpreter\linkResolver.cpp, line 771]
Event: 1.115 Thread 0x0000020139872e40 Exception <a 'java/lang/NoSuchMethodError'{0x000000071bc65350}: 'java.lang.Object java.lang.invoke.DirectMethodHandle$Holder.invokeStaticInit(java.lang.Object, java.lang.Object, int, int, int, int)'> (0x000000071bc65350) 
thrown [s\src\hotspot\share\interpreter\linkResolver.cpp, line 771]
Event: 1.223 Thread 0x0000020139872e40 Exception <a 'java/lang/NoSuchMethodError'{0x000000071ba507a0}: 'void java.lang.invoke.DirectMethodHandle$Holder.invokeSpecial(java.lang.Object, java.lang.Object, java.lang.Object)'> (0x000000071ba507a0) 
thrown [s\src\hotspot\share\interpreter\linkResolver.cpp, line 771]

VM Operations (10 events):
Event: 0.158 Executing VM operation: HandshakeAllThreads
Event: 0.158 Executing VM operation: HandshakeAllThreads done
Event: 0.296 Executing VM operation: HandshakeAllThreads
Event: 0.296 Executing VM operation: HandshakeAllThreads done
Event: 0.805 Executing VM operation: HandshakeAllThreads
Event: 0.805 Executing VM operation: HandshakeAllThreads done
Event: 0.939 Executing VM operation: HandshakeAllThreads
Event: 0.939 Executing VM operation: HandshakeAllThreads done
Event: 1.098 Executing VM operation: G1CollectForAllocation
Event: 1.104 Executing VM operation: G1CollectForAllocation done

Events (20 events):
Event: 1.245 loading class java/util/TreeMap$EntrySet done
Event: 1.246 loading class java/util/TreeMap$EntryIterator
Event: 1.246 loading class java/util/TreeMap$EntryIterator done
Event: 1.247 loading class java/util/logging/Level$RbAccess
Event: 1.247 loading class java/util/logging/Level$RbAccess done
Event: 1.247 loading class java/util/ResourceBundle
Event: 1.248 loading class java/util/ResourceBundle done
Event: 1.248 loading class java/util/ResourceBundle$1
Event: 1.248 loading class jdk/internal/access/JavaUtilResourceBundleAccess
Event: 1.248 loading class jdk/internal/access/JavaUtilResourceBundleAccess done
Event: 1.248 loading class java/util/ResourceBundle$1 done
Event: 1.248 loading class java/util/ResourceBundle$2
Event: 1.248 loading class java/util/ResourceBundle$2 done
Event: 1.248 loading class java/util/ResourceBundle$Control
Event: 1.249 loading class java/util/ResourceBundle$Control done
Event: 1.249 loading class java/util/ResourceBundle$Control$CandidateListCache
Event: 1.249 loading class sun/util/locale/LocaleObjectCache
Event: 1.249 loading class sun/util/locale/LocaleObjectCache done
Event: 1.249 loading class java/util/ResourceBundle$Control$CandidateListCache done
Event: 1.249 loading class java/util/ResourceBundle$CacheKey


Dynamic libraries:
0x00007ff736720000 - 0x00007ff73672a000 	C:\Program Files\Android\Android Studio\jbr\bin\java.exe
0x00007ffe9cc30000 - 0x00007ffe9ce44000 	C:\Windows\SYSTEM32\ntdll.dll
0x00007ffe9b550000 - 0x00007ffe9b613000 	C:\Windows\System32\KERNEL32.DLL
0x00007ffe9a070000 - 0x00007ffe9a40c000 	C:\Windows\System32\KERNELBASE.dll
0x00007ffe9a560000 - 0x00007ffe9a671000 	C:\Windows\System32\ucrtbase.dll
0x00007ffe85c50000 - 0x00007ffe85c67000 	C:\Program Files\Android\Android Studio\jbr\bin\jli.dll
0x00007ffe91b40000 - 0x00007ffe91b5b000 	C:\Program Files\Android\Android Studio\jbr\bin\VCRUNTIME140.dll
0x00007ffe9c620000 - 0x00007ffe9c7cd000 	C:\Windows\System32\USER32.dll
0x00007ffe83170000 - 0x00007ffe833fe000 	C:\Windows\WinSxS\amd64_microsoft.windows.common-controls_6595b64144ccf1df_6.0.22621.436_none_a94247dbc10d8414\COMCTL32.dll
0x00007ffe9a410000 - 0x00007ffe9a436000 	C:\Windows\System32\win32u.dll
0x00007ffe9bac0000 - 0x00007ffe9bb67000 	C:\Windows\System32\msvcrt.dll
0x00007ffe9ab00000 - 0x00007ffe9ab29000 	C:\Windows\System32\GDI32.dll
0x00007ffe9a440000 - 0x00007ffe9a552000 	C:\Windows\System32\gdi32full.dll
0x00007ffe9a830000 - 0x00007ffe9a8ca000 	C:\Windows\System32\msvcp_win.dll
0x00007ffe9c540000 - 0x00007ffe9c572000 	C:\Windows\System32\IMM32.DLL
0x00007ffe974a0000 - 0x00007ffe974ac000 	C:\Program Files\Android\Android Studio\jbr\bin\vcruntime140_1.dll
0x00007ffe61ba0000 - 0x00007ffe61c2d000 	C:\Program Files\Android\Android Studio\jbr\bin\msvcp140.dll
0x00007ffe14d10000 - 0x00007ffe15993000 	C:\Program Files\Android\Android Studio\jbr\bin\server\jvm.dll
0x00007ffe9b620000 - 0x00007ffe9b6ce000 	C:\Windows\System32\ADVAPI32.dll
0x00007ffe9c920000 - 0x00007ffe9c9c4000 	C:\Windows\System32\sechost.dll
0x00007ffe9b990000 - 0x00007ffe9baa5000 	C:\Windows\System32\RPCRT4.dll
0x00007ffe830d0000 - 0x00007ffe830d9000 	C:\Windows\SYSTEM32\WSOCK32.dll
0x00007ffe992a0000 - 0x00007ffe992ed000 	C:\Windows\SYSTEM32\POWRPROF.dll
0x00007ffe9c7d0000 - 0x00007ffe9c841000 	C:\Windows\System32\WS2_32.dll
0x00007ffe93380000 - 0x00007ffe933b4000 	C:\Windows\SYSTEM32\WINMM.dll
0x00007ffe92580000 - 0x00007ffe9258a000 	C:\Windows\SYSTEM32\VERSION.dll
0x00007ffe99280000 - 0x00007ffe99293000 	C:\Windows\SYSTEM32\UMPDC.dll
0x00007ffe99130000 - 0x00007ffe99148000 	C:\Windows\SYSTEM32\kernel.appcore.dll
0x00007ffe97370000 - 0x00007ffe9737a000 	C:\Program Files\Android\Android Studio\jbr\bin\jimage.dll
0x00007ffe834b0000 - 0x00007ffe836de000 	C:\Windows\SYSTEM32\DBGHELP.DLL
0x00007ffe9b1a0000 - 0x00007ffe9b52a000 	C:\Windows\System32\combase.dll
0x00007ffe9bc70000 - 0x00007ffe9bd47000 	C:\Windows\System32\OLEAUT32.dll
0x00007ffe83420000 - 0x00007ffe83452000 	C:\Windows\SYSTEM32\dbgcore.DLL
0x00007ffe9a6f0000 - 0x00007ffe9a76b000 	C:\Windows\System32\bcryptPrimitives.dll
0x00007ffe8c060000 - 0x00007ffe8c085000 	C:\Program Files\Android\Android Studio\jbr\bin\java.dll
0x00007ffe8bab0000 - 0x00007ffe8bac8000 	C:\Program Files\Android\Android Studio\jbr\bin\zip.dll
0x00007ffe9bd50000 - 0x00007ffe9c53f000 	C:\Windows\System32\SHELL32.dll
0x00007ffe98090000 - 0x00007ffe9895c000 	C:\Windows\SYSTEM32\windows.storage.dll
0x00007ffe97f50000 - 0x00007ffe9808e000 	C:\Windows\SYSTEM32\wintypes.dll
0x00007ffe9caf0000 - 0x00007ffe9cbe1000 	C:\Windows\System32\SHCORE.dll
0x00007ffe9b8d0000 - 0x00007ffe9b92e000 	C:\Windows\System32\shlwapi.dll
0x00007ffe99fa0000 - 0x00007ffe99fc1000 	C:\Windows\SYSTEM32\profapi.dll
0x00007ffe85f90000 - 0x00007ffe85fa9000 	C:\Program Files\Android\Android Studio\jbr\bin\net.dll
0x00007ffe93e20000 - 0x00007ffe93f4f000 	C:\Windows\SYSTEM32\WINHTTP.dll
0x00007ffe99620000 - 0x00007ffe99689000 	C:\Windows\system32\mswsock.dll
0x00007ffe85c70000 - 0x00007ffe85c86000 	C:\Program Files\Android\Android Studio\jbr\bin\nio.dll
0x00007ffe93d50000 - 0x00007ffe93d60000 	C:\Program Files\Android\Android Studio\jbr\bin\verify.dll
0x00007ffe969b0000 - 0x00007ffe969b9000 	C:\Program Files\Android\Android Studio\jbr\bin\management.dll
0x00007ffe950f0000 - 0x00007ffe950fb000 	C:\Program Files\Android\Android Studio\jbr\bin\management_ext.dll
0x00007ffe9c610000 - 0x00007ffe9c618000 	C:\Windows\System32\PSAPI.DLL
0x00007ffe97490000 - 0x00007ffe97498000 	C:\Windows\system32\wshunix.dll
0x00007ffe99870000 - 0x00007ffe9988b000 	C:\Windows\SYSTEM32\CRYPTSP.dll
0x00007ffe990a0000 - 0x00007ffe990d5000 	C:\Windows\system32\rsaenh.dll
0x00007ffe99710000 - 0x00007ffe99738000 	C:\Windows\SYSTEM32\USERENV.dll
0x00007ffe99a30000 - 0x00007ffe99a58000 	C:\Windows\SYSTEM32\bcrypt.dll
0x00007ffe99890000 - 0x00007ffe9989c000 	C:\Windows\SYSTEM32\CRYPTBASE.dll
0x00007ffe98bb0000 - 0x00007ffe98bdd000 	C:\Windows\SYSTEM32\IPHLPAPI.DLL
0x00007ffe9bab0000 - 0x00007ffe9bab9000 	C:\Windows\System32\NSI.dll
0x00007ffe93dc0000 - 0x00007ffe93dd9000 	C:\Windows\SYSTEM32\dhcpcsvc6.DLL
0x00007ffe93d90000 - 0x00007ffe93daf000 	C:\Windows\SYSTEM32\dhcpcsvc.DLL
0x00007ffe98c20000 - 0x00007ffe98d13000 	C:\Windows\SYSTEM32\DNSAPI.dll
0x00007ffe96c90000 - 0x00007ffe96c99000 	C:\Program Files\Android\Android Studio\jbr\bin\extnet.dll

dbghelp: loaded successfully - version: 4.0.5 - missing functions: none
symbol engine: initialized successfully - sym options: 0x614 - pdb path: .;C:\Program Files\Android\Android Studio\jbr\bin;C:\Windows\SYSTEM32;C:\Windows\WinSxS\amd64_microsoft.windows.common-controls_6595b64144ccf1df_6.0.22621.436_none_a94247dbc10d8414;C:\Program Files\Android\Android Studio\jbr\bin\server

VM Arguments:
jvm_args: -Djava.awt.headless=true -Djava.util.logging.config.file=C:\Users\User-PC\.android\utp\logging24543090579190288properties -Dfile.encoding=UTF-8 
java_command: com.google.testing.platform.launcher.Launcher C:\Users\User-PC\.gradle\caches\modules-2\files-2.1\com.google.testing.platform\core\0.0.9-alpha02\8d72767495b76dfdfe1a4f02bab67cb035da816d\core-0.0.9-alpha02.jar --proto_config=C:\Users\User-PC\.android\utp\runnerConfig4466818468205597574.pb --proto_server_config=C:\Users\User-PC\.android\utp\serverConfig16768213156687759647.pb
java_class_path (initial): C:\Users\User-PC\.gradle\caches\modules-2\files-2.1\com.google.testing.platform\launcher\0.0.9-alpha02\f43549bd43bd4df370cfa9bcf93793e7b9cb217\launcher-0.0.9-alpha02.jar
Launcher Type: SUN_STANDARD

[Global flags]
     intx CICompilerCount                          = 4                                         {product} {ergonomic}
     uint ConcGCThreads                            = 2                                         {product} {ergonomic}
     uint G1ConcRefinementThreads                  = 8                                         {product} {ergonomic}
   size_t G1HeapRegionSize                         = 2097152                                   {product} {ergonomic}
    uintx GCDrainStackTargetSize                   = 64                                        {product} {ergonomic}
   size_t InitialHeapSize                          = 255852544                                 {product} {ergonomic}
   size_t MarkStackSize                            = 4194304                                   {product} {ergonomic}
   size_t MaxHeapSize                              = 4083154944                                {product} {ergonomic}
   size_t MaxNewSize                               = 2449473536                                {product} {ergonomic}
   size_t MinHeapDeltaBytes                        = 2097152                                   {product} {ergonomic}
   size_t MinHeapSize                              = 8388608                                   {product} {ergonomic}
    uintx NonNMethodCodeHeapSize                   = 5839372                                {pd product} {ergonomic}
    uintx NonProfiledCodeHeapSize                  = 122909434                              {pd product} {ergonomic}
    uintx ProfiledCodeHeapSize                     = 122909434                              {pd product} {ergonomic}
    uintx ReservedCodeCacheSize                    = 251658240                              {pd product} {ergonomic}
     bool SegmentedCodeCache                       = true                                      {product} {ergonomic}
   size_t SoftMaxHeapSize                          = 4083154944                             {manageable} {ergonomic}
     bool UseCompressedClassPointers               = true                           {product lp64_product} {ergonomic}
     bool UseCompressedOops                        = true                           {product lp64_product} {ergonomic}
     bool UseG1GC                                  = true                                      {product} {ergonomic}
     bool UseLargePagesIndividualAllocation        = false                                  {pd product} {ergonomic}

Logging:
Log output configuration:
 #0: stdout all=warning uptime,level,tags
 #1: stderr all=off uptime,level,tags

Environment Variables:
JAVA_HOME=C:\Program Files\Java\jdk-23
PATH=C:\Python312\Scripts\;C:\Python312\;C:\Program Files\Java\jdk-23;C:\Program Files\Git\cmd;C:\Users\User-PC\AppData\Local\Programs\Python\Python.3.11\;C:\Users\User-PC\AppData\Local\Programs\Python\Python3.11\Scripts\;C:\ProgramData\chocolatey\bin;C:\Program Files\nodejs\;C:\Users\User-PC\AppData\Local\Microsoft\WindowsApps;C:\Users\User-PC\AppData\Local\Programs\Microsoft VS Code\bin;C:\Users\User-PC\AppData\Local\GitHubDesktop\bin;C:\Users\User-PC\AppData\Roaming\npm
USERNAME=User-PC
OS=Windows_NT
PROCESSOR_IDENTIFIER=Intel64 Family 6 Model 142 Stepping 12, GenuineIntel
TMP=C:\Users\User-PC\AppData\Local\Temp
TEMP=C:\Users\User-PC\AppData\Local\Temp



Periodic native trim disabled

JNI global refs:
JNI global refs: 16, weak refs: 0

JNI global refs memory usage: 843, weak refs: 209

Process memory usage:
Resident Set Size: 86432K (0% of 15944268K total physical memory with 636592K free physical memory)

OOME stack traces (most recent first):
Classloader memory used:
Loader bootstrap                                                                       : 1451K
Loader jdk.internal.loader.ClassLoaders$AppClassLoader                                 : 399K
Loader java.net.URLClassLoader                                                         : 313K
Loader jdk.internal.loader.ClassLoaders$PlatformClassLoader                            : 14127B


---------------  S Y S T E M  ---------------

OS:
 Windows 11 , 64 bit Build 22621 (10.0.22621.1245)
OS uptime: 1 days 23:36 hours

CPU: total 8 (initial active 8) (4 cores per cpu, 2 threads per core) family 6 model 142 stepping 12 microcode 0xec, cx8, cmov, fxsr, ht, mmx, 3dnowpref, sse, sse2, sse3, ssse3, sse4.1, sse4.2, popcnt, lzcnt, tsc, tscinvbit, avx, avx2, aes, erms, clmul, bmi1, bmi2, adx, fma, vzeroupper, clflush, clflushopt
Processor Information for all 8 processors :
  Max Mhz: 1992, Current Mhz: 796, Mhz Limit: 796

Memory: 4k page, system-wide physical 15570M (621M free)
TotalPageFile size 28382M (AvailPageFile size 2M)
current process WorkingSet (physical memory assigned to process): 84M, peak: 84M
current process commit charge ("private bytes"): 345M, peak: 346M

vm_info: OpenJDK 64-Bit Server VM (17.0.11+0--11852314) for windows-amd64 JRE (17.0.11+0--11852314), built on May 16 2024 21:29:20 by "androidbuild" with MS VC++ 16.10 / 16.11 (VS2019)

END.
